<?xml version="1.0" encoding="UTF-8"?>
<testsuite name="com.example.ktor.app.StoredEventsTest" tests="2" skipped="0" failures="0" errors="0" timestamp="2021-11-26T01:09:07" hostname="lilianferes" time="0.003">
  <properties/>
  <testcase name="when adding events, it increase storedEvents size" classname="com.example.ktor.app.StoredEventsTest" time="0.001"/>
  <testcase name="when getting events within past sixty seconds, it returned the events of this range" classname="com.example.ktor.app.StoredEventsTest" time="0.002"/>
  <system-out><![CDATA[]]></system-out>
  <system-err><![CDATA[]]></system-err>
</testsuite>
