<?xml version="1.0" encoding="UTF-8"?>
<testsuite name="com.example.ktor.app.EventTest" tests="2" skipped="0" failures="0" errors="0" timestamp="2021-11-26T01:09:07" hostname="lilianferes" time="0.07">
  <properties/>
  <testcase name="when mapping to events a string with invalid line content, it creates an empty event list" classname="com.example.ktor.app.EventTest" time="0.07"/>
  <testcase name="when mapping to events a string with all content lines acceptable, it creates the event list" classname="com.example.ktor.app.EventTest" time="0.0"/>
  <system-out><![CDATA[]]></system-out>
  <system-err><![CDATA[]]></system-err>
</testsuite>
